0 info it worked if it ends with ok
1 verbose cli [ '/usr/bin/node', '/usr/bin/npm', 'install', 'forever', '-g' ]
2 info using npm@2.11.3
3 info using node@v0.12.7
4 verbose node symlink /usr/bin/node
5 verbose install initial load of /usr/lib/package.json
6 verbose readDependencies loading dependencies from /usr/lib/package.json
7 silly cache add args [ 'forever', null ]
8 verbose cache add spec forever
9 silly cache add parsed spec { raw: 'forever',
9 silly cache add   scope: null,
9 silly cache add   name: 'forever',
9 silly cache add   rawSpec: '',
9 silly cache add   spec: '*',
9 silly cache add   type: 'range' }
10 silly addNamed forever@*
11 verbose addNamed "*" is a valid semver range for forever
12 silly addNameRange { name: 'forever', range: '*', hasData: false }
13 silly mapToRegistry name forever
14 silly mapToRegistry using default registry
15 silly mapToRegistry registry https://registry.npmjs.org/
16 silly mapToRegistry uri https://registry.npmjs.org/forever
17 verbose addNameRange registry:https://registry.npmjs.org/forever not in flight; fetching
18 verbose request uri https://registry.npmjs.org/forever
19 verbose request no auth needed
20 info attempt registry request try #1 at 18:30:32
21 verbose request id ddcffb3f270ee0ce
22 http request GET https://registry.npmjs.org/forever
23 http 200 https://registry.npmjs.org/forever
24 silly get cb [ 200,
24 silly get   { server: 'CouchDB/1.5.0 (Erlang OTP/R16B03)',
24 silly get     etag: '"69RP5ILT0VI0Y4WPSZKS17L47"',
24 silly get     'content-type': 'application/json',
24 silly get     'cache-control': 'max-age=60',
24 silly get     'content-length': '83338',
24 silly get     'accept-ranges': 'bytes',
24 silly get     date: 'Thu, 12 Nov 2015 18:30:33 GMT',
24 silly get     via: '1.1 varnish',
24 silly get     age: '0',
24 silly get     connection: 'keep-alive',
24 silly get     'x-served-by': 'cache-hkg6826-HKG',
24 silly get     'x-cache': 'MISS',
24 silly get     'x-cache-hits': '0',
24 silly get     'x-timer': 'S1447353032.432384,VS0,VE873',
24 silly get     vary: 'Accept' } ]
25 verbose get saving forever to /home/hadoopuser/.npm/registry.npmjs.org/forever/.cache.json
26 silly addNameRange number 2 { name: 'forever', range: '*', hasData: true }
27 silly addNameRange versions [ 'forever',
27 silly addNameRange   [ '0.6.0',
27 silly addNameRange     '0.6.1',
27 silly addNameRange     '0.6.2',
27 silly addNameRange     '0.6.3',
27 silly addNameRange     '0.6.4',
27 silly addNameRange     '0.6.5',
27 silly addNameRange     '0.6.6',
27 silly addNameRange     '0.6.7',
27 silly addNameRange     '0.6.8',
27 silly addNameRange     '0.6.9',
27 silly addNameRange     '0.7.0',
27 silly addNameRange     '0.7.1',
27 silly addNameRange     '0.7.2',
27 silly addNameRange     '0.7.3',
27 silly addNameRange     '0.7.4',
27 silly addNameRange     '0.7.5',
27 silly addNameRange     '0.8.0',
27 silly addNameRange     '0.8.1',
27 silly addNameRange     '0.8.2',
27 silly addNameRange     '0.8.3',
27 silly addNameRange     '0.8.4',
27 silly addNameRange     '0.8.5',
27 silly addNameRange     '0.9.0',
27 silly addNameRange     '0.9.1',
27 silly addNameRange     '0.9.2',
27 silly addNameRange     '0.10.0',
27 silly addNameRange     '0.10.5',
27 silly addNameRange     '0.10.6',
27 silly addNameRange     '0.10.7',
27 silly addNameRange     '0.10.8',
27 silly addNameRange     '0.10.9',
27 silly addNameRange     '0.10.10',
27 silly addNameRange     '0.10.11',
27 silly addNameRange     '0.11.0',
27 silly addNameRange     '0.11.1',
27 silly addNameRange     '0.12.0',
27 silly addNameRange     '0.13.0',
27 silly addNameRange     '0.14.1',
27 silly addNameRange     '0.14.2',
27 silly addNameRange     '0.15.0',
27 silly addNameRange     '0.15.1' ] ]
28 silly addNamed forever@0.15.1
29 verbose addNamed "0.15.1" is a plain semver version for forever
30 silly mapToRegistry name forever
31 silly mapToRegistry using default registry
32 silly mapToRegistry registry https://registry.npmjs.org/
33 silly mapToRegistry uri https://registry.npmjs.org/forever
34 verbose addRemoteTarball https://registry.npmjs.org/forever/-/forever-0.15.1.tgz not in flight; adding
35 verbose addRemoteTarball [ 'https://registry.npmjs.org/forever/-/forever-0.15.1.tgz',
35 verbose addRemoteTarball   '5e4e3d4ef946bef88ddcb9cc7412e478ad19e04e' ]
36 info retry fetch attempt 1 at 18:30:33
37 info attempt registry request try #1 at 18:30:33
38 http fetch GET https://registry.npmjs.org/forever/-/forever-0.15.1.tgz
39 http fetch 200 https://registry.npmjs.org/forever/-/forever-0.15.1.tgz
40 silly fetchAndShaCheck shasum 5e4e3d4ef946bef88ddcb9cc7412e478ad19e04e
41 verbose addTmpTarball /tmp/npm-18506-4e5d1856/registry.npmjs.org/forever/-/forever-0.15.1.tgz not in flight; adding
42 verbose addTmpTarball already have metadata; skipping unpack for forever@0.15.1
43 silly cache afterAdd forever@0.15.1
44 verbose afterAdd /home/hadoopuser/.npm/forever/0.15.1/package/package.json not in flight; writing
45 verbose afterAdd /home/hadoopuser/.npm/forever/0.15.1/package/package.json written
46 silly install resolved [ { name: 'forever',
46 silly install resolved     preferGlobal: 'true',
46 silly install resolved     description: 'A simple CLI tool for ensuring that a given node script runs continuously (i.e. forever)',
46 silly install resolved     version: '0.15.1',
46 silly install resolved     author: { name: 'Charlie Robbins', email: 'charlie.robbins@gmail.com' },
46 silly install resolved     maintainers: [ [Object], [Object], [Object], [Object], [Object] ],
46 silly install resolved     repository: { type: 'git', url: 'http://github.com/nodejitsu/forever.git' },
46 silly install resolved     keywords: [ 'cli', 'fault tolerant', 'sysadmin', 'tools' ],
46 silly install resolved     dependencies:
46 silly install resolved      { cliff: '~0.1.9',
46 silly install resolved        clone: '^1.0.2',
46 silly install resolved        colors: '~0.6.2',
46 silly install resolved        flatiron: '~0.4.2',
46 silly install resolved        'forever-monitor': '~1.6.0',
46 silly install resolved        nconf: '~0.6.9',
46 silly install resolved        nssocket: '~0.5.1',
46 silly install resolved        'object-assign': '^3.0.0',
46 silly install resolved        optimist: '~0.6.0',
46 silly install resolved        'path-is-absolute': '~1.0.0',
46 silly install resolved        prettyjson: '^1.1.2',
46 silly install resolved        shush: '^1.0.0',
46 silly install resolved        timespan: '~2.3.0',
46 silly install resolved        utile: '~0.2.1',
46 silly install resolved        winston: '~0.8.1' },
46 silly install resolved     devDependencies:
46 silly install resolved      { broadway: '~0.3.6',
46 silly install resolved        eventemitter2: '0.4.x',
46 silly install resolved        request: '2.x.x',
46 silly install resolved        vows: '0.7.x' },
46 silly install resolved     bin: { forever: './bin/forever' },
46 silly install resolved     main: './lib/forever',
46 silly install resolved     scripts: { test: 'vows test/**/*-test.js --spec -i' },
46 silly install resolved     engines: { node: '>= 0.8.x' },
46 silly install resolved     license: 'MIT',
46 silly install resolved     gitHead: '6c157fafe909eb555b9e73028338377b05d51f51',
46 silly install resolved     bugs: { url: 'https://github.com/nodejitsu/forever/issues' },
46 silly install resolved     homepage: 'https://github.com/nodejitsu/forever',
46 silly install resolved     _id: 'forever@0.15.1',
46 silly install resolved     _shasum: '5e4e3d4ef946bef88ddcb9cc7412e478ad19e04e',
46 silly install resolved     _from: 'forever@*',
46 silly install resolved     _npmVersion: '2.6.1',
46 silly install resolved     _nodeVersion: '0.10.40',
46 silly install resolved     _npmUser: { name: 'indexzero', email: 'charlie.robbins@gmail.com' },
46 silly install resolved     dist:
46 silly install resolved      { shasum: '5e4e3d4ef946bef88ddcb9cc7412e478ad19e04e',
46 silly install resolved        tarball: 'http://registry.npmjs.org/forever/-/forever-0.15.1.tgz' },
46 silly install resolved     directories: {},
46 silly install resolved     _resolved: 'https://registry.npmjs.org/forever/-/forever-0.15.1.tgz' } ]
47 info install forever@0.15.1 into /usr/lib
48 info installOne forever@0.15.1
49 verbose installOne of forever to /usr/lib not in flight; installing
50 verbose lock using /home/hadoopuser/.npm/_locks/forever-489122e4731fc537.lock for /usr/lib/node_modules/forever
51 silly install write writing forever 0.15.1 to /usr/lib/node_modules/forever
52 verbose unbuild lib/node_modules/forever
53 silly gentlyRm /usr/lib/node_modules/forever is being purged from base /usr
54 verbose gentlyRm don't care about contents; nuking /usr/lib/node_modules/forever
55 verbose tar unpack /home/hadoopuser/.npm/forever/0.15.1/package.tgz
56 verbose tar unpacking to /usr/lib/node_modules/forever
57 silly gentlyRm /usr/lib/node_modules/forever is being purged
58 verbose gentlyRm don't care about contents; nuking /usr/lib/node_modules/forever
59 silly gunzTarPerm modes [ '755', '644' ]
60 error tar.unpack untar error /home/hadoopuser/.npm/forever/0.15.1/package.tgz
61 verbose unlock done using /home/hadoopuser/.npm/_locks/forever-489122e4731fc537.lock for /usr/lib/node_modules/forever
62 verbose fstream_path /usr/lib/node_modules/forever
63 verbose fstream_type Directory
64 verbose fstream_class DirWriter
65 verbose stack Error: EACCES, mkdir '/usr/lib/node_modules/forever'
65 verbose stack     at Error (native)
66 verbose fstream_stack /usr/lib/node_modules/npm/node_modules/fstream/lib/dir-writer.js:35:25
66 verbose fstream_stack /usr/lib/node_modules/npm/node_modules/mkdirp/index.js:47:53
66 verbose fstream_stack FSReqWrap.oncomplete (fs.js:95:15)
67 verbose cwd /home/hadoopuser/Ajax-RESTful-Hadoop-withGCE/src
68 error Linux 3.19.0-32-generic
69 error argv "/usr/bin/node" "/usr/bin/npm" "install" "forever" "-g"
70 error node v0.12.7
71 error npm  v2.11.3
72 error path /usr/lib/node_modules/forever
73 error code EACCES
74 error errno -13
75 error Error: EACCES, mkdir '/usr/lib/node_modules/forever'
75 error     at Error (native)
75 error  { [Error: EACCES, mkdir '/usr/lib/node_modules/forever']
75 error   errno: -13,
75 error   code: 'EACCES',
75 error   path: '/usr/lib/node_modules/forever',
75 error   fstream_type: 'Directory',
75 error   fstream_path: '/usr/lib/node_modules/forever',
75 error   fstream_class: 'DirWriter',
75 error   fstream_stack:
75 error    [ '/usr/lib/node_modules/npm/node_modules/fstream/lib/dir-writer.js:35:25',
75 error      '/usr/lib/node_modules/npm/node_modules/mkdirp/index.js:47:53',
75 error      'FSReqWrap.oncomplete (fs.js:95:15)' ] }
76 error Please try running this command again as root/Administrator.
77 verbose exit [ -13, true ]
78 verbose unbuild lib/node_modules/forever
79 silly gentlyRm /usr/lib/node_modules/forever is being purged from base /usr
80 verbose gentlyRm don't care about contents; nuking /usr/lib/node_modules/forever
